<?xml version="1.0" encoding="UTF-8"?>
<testng-results ignored="0" total="1" passed="1" failed="0" skipped="0">
  <reporter-output>
  </reporter-output>
  <suite started-at="2022-05-26T17:48:53Z" name="Default suite" finished-at="2022-05-26T17:49:08Z" duration-ms="15599">
    <groups>
    </groups>
    <test started-at="2022-05-26T17:48:53Z" name="Default test" finished-at="2022-05-26T17:49:08Z" duration-ms="15599">
      <class name="com.OrangeHRM.TestCases.OrgangeHRM">
        <test-method is-config="true" signature="startReport()[pri:0, instance:com.OrangeHRM.TestCases.OrgangeHRM@51133c06]" started-at="2022-05-26T17:48:52Z" name="startReport" finished-at="2022-05-26T17:48:53Z" duration-ms="538" status="PASS">
          <reporter-output>
          </reporter-output>
        </test-method> <!-- startReport -->
        <test-method is-config="true" signature="testinputs()[pri:0, instance:com.OrangeHRM.TestCases.OrgangeHRM@51133c06]" started-at="2022-05-26T17:48:53Z" name="testinputs" finished-at="2022-05-26T17:48:53Z" duration-ms="1" status="PASS">
          <reporter-output>
          </reporter-output>
        </test-method> <!-- testinputs -->
        <test-method is-config="true" signature="report()[pri:0, instance:com.OrangeHRM.TestCases.OrgangeHRM@51133c06]" started-at="2022-05-26T17:48:53Z" name="report" finished-at="2022-05-26T17:48:53Z" duration-ms="25" status="PASS">
          <reporter-output>
          </reporter-output>
        </test-method> <!-- report -->
        <test-method is-config="true" signature="LaunchApp()[pri:0, instance:com.OrangeHRM.TestCases.OrgangeHRM@51133c06]" started-at="2022-05-26T17:48:54Z" name="LaunchApp" finished-at="2022-05-26T17:49:02Z" duration-ms="7720" status="PASS">
          <reporter-output>
          </reporter-output>
        </test-method> <!-- LaunchApp -->
        <test-method signature="loginHRM(java.lang.String, java.lang.String)[pri:0, instance:com.OrangeHRM.TestCases.OrgangeHRM@51133c06]" started-at="2022-05-26T17:49:02Z" name="loginHRM" data-provider="getdata" finished-at="2022-05-26T17:49:08Z" duration-ms="5982" status="PASS">
          <params>
            <param index="0">
              <value>
                <![CDATA[Admin]]>
              </value>
            </param>
            <param index="1">
              <value>
                <![CDATA[admin123]]>
              </value>
            </param>
          </params>
          <reporter-output>
          </reporter-output>
        </test-method> <!-- loginHRM -->
        <test-method is-config="true" signature="teardown()[pri:0, instance:com.OrangeHRM.TestCases.OrgangeHRM@51133c06]" started-at="2022-05-26T17:49:08Z" name="teardown" finished-at="2022-05-26T17:49:08Z" duration-ms="281" status="PASS">
          <reporter-output>
          </reporter-output>
        </test-method> <!-- teardown -->
        <test-method is-config="true" signature="stopReport()[pri:0, instance:com.OrangeHRM.TestCases.OrgangeHRM@51133c06]" started-at="2022-05-26T17:49:08Z" name="stopReport" finished-at="2022-05-26T17:49:09Z" duration-ms="715" status="PASS">
          <reporter-output>
          </reporter-output>
        </test-method> <!-- stopReport -->
      </class> <!-- com.OrangeHRM.TestCases.OrgangeHRM -->
    </test> <!-- Default test -->
  </suite> <!-- Default suite -->
</testng-results>
